2023年 09月 02日 星期六 23:26:11 CST
SH-IDC1-10-140-24-108
/mnt/petrelfs/chenyiyang1/code/GRIT
/mnt/petrelfs/chenyiyang1/.bashrc:行4: proxy_on: 未找到命令
/mnt/petrelfs/chenyiyang1/code/GRIT
python main.py --cfg configs/HMN/zinc-HMN-RRWP+RWSE.yaml --repeat 1 seed 0 out_dir results/zinc name_tag test_run.1run wandb.use False
[*] Run ID 0: seed=0, split_index=0
    Starting now: 2023-09-02 23:26:26.125699
[*] Loaded dataset 'subset' from 'PyG-ZINC':
  Data(x=[277864, 1], edge_index=[2, 597970], edge_attr=[597970], y=[12000])
  undirected: True
  num graphs: 12000
  avg num_nodes/graph: 23
  num node features: 1
  num edge features: 1
  num classes: (appears to be a regression task)
Parsed RWSE PE kernel times / steps: [1, 2, 3, 4, 5, 6, 7, 8, 9, 10, 11, 12, 13, 14, 15, 16, 17, 18, 19, 20]
Precomputing Positional Encoding statistics: ['RWSE'] for all graphs...
  ...estimated to be undirected: True
  0%|          | 0/12000 [00:00<?, ?it/s] 46%|████▋     | 5573/12000 [00:10<00:11, 557.22it/s] 93%|█████████▎| 11128/12000 [00:20<00:01, 556.16it/s]100%|██████████| 12000/12000 [00:21<00:00, 557.11it/s]
Done! Took 00:00:22.23
Dim_in:  1
Traceback (most recent call last):
  File "/mnt/petrelfs/chenyiyang1/code/GRIT/main.py", line 158, in <module>
    model = create_model()
  File "/mnt/petrelfs/chenyiyang1/miniconda3/envs/graphgps_copy/lib/python3.10/site-packages/torch_geometric/graphgym/model_builder.py", line 81, in create_model
    model.to(torch.device(cfg.accelerator))
RuntimeError: Expected one of cpu, cuda, ipu, xpu, mkldnn, opengl, opencl, ideep, hip, ve, fpga, ort, xla, lazy, vulkan, mps, meta, hpu, privateuseone device type at start of device string: auto
All done in sbatch.
2023年 09月 02日 星期六 23:26:50 CST
